  Clock.cpp
  Err.cpp
  FileInputStream.cpp
  Lock.cpp
C:\DEV\C++\GitHub\SFML-2.6.1-Windows-Source-Template\Projects\SFML\src\SFML\System\FileInputStream.cpp(69,19): warning C4996: 'fopen': This function or variable may be unsafe. Consider using fopen_s instead. To disable deprecation, use _CRT_SECURE_NO_WARNINGS. See online help for details.
  MemoryInputStream.cpp
  Mutex.cpp
  Sleep.cpp
  String.cpp
  Thread.cpp
  ThreadLocal.cpp
  Time.cpp
  ClockImpl.cpp
C:\DEV\C++\GitHub\SFML-2.6.1-Windows-Source-Template\Projects\SFML\src\SFML\System\Win32\ClockImpl.cpp(46,35): warning C4996: 'GetVersion': was declared deprecated
  MutexImpl.cpp
  SleepImpl.cpp
  ThreadImpl.cpp
  ThreadLocalImpl.cpp
  Generating Code...
  SFML-System.vcxproj -> C:\DEV\C++\GitHub\SFML-2.6.1-Windows-Source-Template\_Binaries\Debug\SFML-System\SFML-System.lib
